# JRE version: OpenJDK Runtime Environment (11.0.10) (build 11.0.10+0-b96-7249189)
# Java VM: OpenJDK 64-Bit Server VM (11.0.10+0-b96-7249189, mixed mode, tiered, compressed oops, g1 gc, linux-amd64)
Heap:
 garbage-first heap   total 333824K, used 237568K [0x00000000a0000000, 0x0000000100000000)
  region size 1024K, 123 young (125952K), 3 survivors (3072K)
 Metaspace       used 92514K, capacity 96239K, committed 96512K, reserved 1132544K
  class space    used 11687K, capacity 12959K, committed 13056K, reserved 1048576K
GC Heap History (20 events):
Event: 6.297 GC heap before
{Heap before GC invocations=7 (full 0):
 garbage-first heap   total 253952K, used 64434K [0x00000000a0000000, 0x0000000100000000)
  region size 1024K, 48 young (49152K), 5 survivors (5120K)
 Metaspace       used 34983K, capacity 35618K, committed 35840K, reserved 1081344K
  class space    used 4477K, capacity 4732K, committed 4736K, reserved 1048576K
}
Event: 6.329 GC heap after
{Heap after GC invocations=8 (full 0):
 garbage-first heap   total 253952K, used 23688K [0x00000000a0000000, 0x0000000100000000)
  region size 1024K, 9 young (9216K), 9 survivors (9216K)
 Metaspace       used 34983K, capacity 35618K, committed 35840K, reserved 1081344K
  class space    used 4477K, capacity 4732K, committed 4736K, reserved 1048576K
}
Event: 8.252 GC heap before
{Heap before GC invocations=9 (full 0):
 garbage-first heap   total 253952K, used 109704K [0x00000000a0000000, 0x0000000100000000)
  region size 1024K, 92 young (94208K), 9 survivors (9216K)
 Metaspace       used 42435K, capacity 43265K, committed 43392K, reserved 1087488K
  class space    used 5443K, capacity 5744K, committed 5760K, reserved 1048576K
}
Event: 8.294 GC heap after
{Heap after GC invocations=10 (full 0):
 garbage-first heap   total 253952K, used 26996K [0x00000000a0000000, 0x0000000100000000)
  region size 1024K, 11 young (11264K), 11 survivors (11264K)
 Metaspace       used 42435K, capacity 43265K, committed 43392K, reserved 1087488K
  class space    used 5443K, capacity 5744K, committed 5760K, reserved 1048576K
}
Event: 11.493 GC heap before
{Heap before GC invocations=10 (full 0):
 garbage-first heap   total 253952K, used 173428K [0x00000000a0000000, 0x0000000100000000)
  region size 1024K, 148 young (151552K), 11 survivors (11264K)
 Metaspace       used 53195K, capacity 54368K, committed 54656K, reserved 1097728K
  class space    used 6745K, capacity 7180K, committed 7296K, reserved 1048576K
}
Event: 11.529 GC heap after
{Heap after GC invocations=11 (full 0):
 garbage-first heap   total 333824K, used 43537K [0x00000000a0000000, 0x0000000100000000)
  region size 1024K, 19 young (19456K), 19 survivors (19456K)
 Metaspace       used 53195K, capacity 54368K, committed 54656K, reserved 1097728K
  class space    used 6745K, capacity 7180K, committed 7296K, reserved 1048576K
}
Event: 12.755 GC heap before
{Heap before GC invocations=11 (full 0):
 garbage-first heap   total 333824K, used 90641K [0x00000000a0000000, 0x0000000100000000)
  region size 1024K, 66 young (67584K), 19 survivors (19456K)
 Metaspace       used 58737K, capacity 60005K, committed 60160K, reserved 1101824K
  class space    used 7405K, capacity 7874K, committed 7936K, reserved 1048576K
}
Event: 12.787 GC heap after
{Heap after GC invocations=12 (full 0):
 garbage-first heap   total 333824K, used 46962K [0x00000000a0000000, 0x0000000100000000)
  region size 1024K, 14 young (14336K), 14 survivors (14336K)
 Metaspace       used 58737K, capacity 60005K, committed 60160K, reserved 1101824K
  class space    used 7405K, capacity 7874K, committed 7936K, reserved 1048576K
}
Event: 15.478 GC heap before
{Heap before GC invocations=13 (full 0):
 garbage-first heap   total 333824K, used 206706K [0x00000000a0000000, 0x0000000100000000)
  region size 1024K, 170 young (174080K), 14 survivors (14336K)
 Metaspace       used 67108K, capacity 68839K, committed 69248K, reserved 1110016K
  class space    used 8668K, capacity 9250K, committed 9344K, reserved 1048576K
}
Event: 15.511 GC heap after
{Heap after GC invocations=14 (full 0):
 garbage-first heap   total 333824K, used 57303K [0x00000000a0000000, 0x0000000100000000)
  region size 1024K, 14 young (14336K), 14 survivors (14336K)
 Metaspace       used 67108K, capacity 68839K, committed 69248K, reserved 1110016K
  class space    used 8668K, capacity 9250K, committed 9344K, reserved 1048576K
}
Event: 19.516 GC heap before
{Heap before GC invocations=14 (full 0):
 garbage-first heap   total 333824K, used 237527K [0x00000000a0000000, 0x0000000100000000)
  region size 1024K, 188 young (192512K), 14 survivors (14336K)
 Metaspace       used 72607K, capacity 75408K, committed 75776K, reserved 1114112K
  class space    used 9406K, capacity 10376K, committed 10496K, reserved 1048576K
}
Event: 19.581 GC heap after
{Heap after GC invocations=15 (full 0):
 garbage-first heap   total 333824K, used 83295K [0x00000000a0000000, 0x0000000100000000)
  region size 1024K, 24 young (24576K), 24 survivors (24576K)
 Metaspace       used 72607K, capacity 75408K, committed 75776K, reserved 1114112K
  class space    used 9406K, capacity 10376K, committed 10496K, reserved 1048576K
}
Event: 24.630 GC heap before
{Heap before GC invocations=15 (full 0):
 garbage-first heap   total 333824K, used 246111K [0x00000000a0000000, 0x0000000100000000)
  region size 1024K, 184 young (188416K), 24 survivors (24576K)
 Metaspace       used 80853K, capacity 83936K, committed 84096K, reserved 1122304K
  class space    used 10548K, capacity 11599K, committed 11648K, reserved 1048576K
}
Event: 24.695 GC heap after
{Heap after GC invocations=16 (full 0):
 garbage-first heap   total 333824K, used 100352K [0x00000000a0000000, 0x0000000100000000)
  region size 1024K, 16 young (16384K), 16 survivors (16384K)
 Metaspace       used 80853K, capacity 83936K, committed 84096K, reserved 1122304K
  class space    used 10548K, capacity 11599K, committed 11648K, reserved 1048576K
}
Event: 28.701 GC heap before
{Heap before GC invocations=16 (full 0):
 garbage-first heap   total 333824K, used 251904K [0x00000000a0000000, 0x0000000100000000)
  region size 1024K, 165 young (168960K), 16 survivors (16384K)
 Metaspace       used 86706K, capacity 89921K, committed 90240K, reserved 1126400K
  class space    used 11259K, capacity 12346K, committed 12416K, reserved 1048576K
}
Event: 28.744 GC heap after
{Heap after GC invocations=17 (full 0):
 garbage-first heap   total 333824K, used 112128K [0x00000000a0000000, 0x0000000100000000)
  region size 1024K, 12 young (12288K), 12 survivors (12288K)
 Metaspace       used 86706K, capacity 89921K, committed 90240K, reserved 1126400K
  class space    used 11259K, capacity 12346K, committed 12416K, reserved 1048576K
}
Event: 867.469 GC heap before
{Heap before GC invocations=17 (full 0):
 garbage-first heap   total 333824K, used 256512K [0x00000000a0000000, 0x0000000100000000)
  region size 1024K, 154 young (157696K), 12 survivors (12288K)
 Metaspace       used 90809K, capacity 94083K, committed 94336K, reserved 1130496K
  class space    used 11519K, capacity 12655K, committed 12672K, reserved 1048576K
}
Event: 867.511 GC heap after
{Heap after GC invocations=18 (full 0):
 garbage-first heap   total 333824K, used 129536K [0x00000000a0000000, 0x0000000100000000)
  region size 1024K, 17 young (17408K), 17 survivors (17408K)
 Metaspace       used 90809K, capacity 94083K, committed 94336K, reserved 1130496K
  class space    used 11519K, capacity 12655K, committed 12672K, reserved 1048576K
}
Event: 974.950 GC heap before
{Heap before GC invocations=18 (full 0):
 garbage-first heap   total 333824K, used 257536K [0x00000000a0000000, 0x0000000100000000)
  region size 1024K, 143 young (146432K), 17 survivors (17408K)
 Metaspace       used 91735K, capacity 95160K, committed 95360K, reserved 1132544K
  class space    used 11608K, capacity 12812K, committed 12928K, reserved 1048576K
}
Event: 974.968 GC heap after
{Heap after GC invocations=19 (full 0):
 garbage-first heap   total 333824K, used 116736K [0x00000000a0000000, 0x0000000100000000)
  region size 1024K, 3 young (3072K), 3 survivors (3072K)
 Metaspace       used 91735K, capacity 95160K, committed 95360K, reserved 1132544K
  class space    used 11608K, capacity 12812K, committed 12928K, reserved 1048576K
}

