# JRE version: OpenJDK Runtime Environment (11.0.10) (build 11.0.10+0-b96-7249189)
# Java VM: OpenJDK 64-Bit Server VM (11.0.10+0-b96-7249189, mixed mode, tiered, compressed oops, g1 gc, linux-amd64)
Heap:
 garbage-first heap   total 251904K, used 35239K [0x00000000a0000000, 0x0000000100000000)
  region size 1024K, 20 young (20480K), 1 survivors (1024K)
 Metaspace       used 23818K, capacity 24319K, committed 24496K, reserved 1071104K
  class space    used 3044K, capacity 3264K, committed 3328K, reserved 1048576K
GC Heap History (6 events):
Event: 0.771 GC heap before
{Heap before GC invocations=0 (full 0):
 garbage-first heap   total 251904K, used 19456K [0x00000000a0000000, 0x0000000100000000)
  region size 1024K, 14 young (14336K), 0 survivors (0K)
 Metaspace       used 7487K, capacity 7679K, committed 7936K, reserved 1056768K
  class space    used 688K, capacity 748K, committed 768K, reserved 1048576K
}
Event: 0.792 GC heap after
{Heap after GC invocations=1 (full 0):
 garbage-first heap   total 251904K, used 7721K [0x00000000a0000000, 0x0000000100000000)
  region size 1024K, 2 young (2048K), 2 survivors (2048K)
 Metaspace       used 7487K, capacity 7679K, committed 7936K, reserved 1056768K
  class space    used 688K, capacity 748K, committed 768K, reserved 1048576K
}
Event: 3.388 GC heap before
{Heap before GC invocations=1 (full 0):
 garbage-first heap   total 251904K, used 94761K [0x00000000a0000000, 0x0000000100000000)
  region size 1024K, 89 young (91136K), 2 survivors (2048K)
 Metaspace       used 20571K, capacity 21051K, committed 21296K, reserved 1069056K
  class space    used 2542K, capacity 2683K, committed 2688K, reserved 1048576K
}
Event: 3.416 GC heap after
{Heap after GC invocations=2 (full 0):
 garbage-first heap   total 251904K, used 15913K [0x00000000a0000000, 0x0000000100000000)
  region size 1024K, 10 young (10240K), 10 survivors (10240K)
 Metaspace       used 20571K, capacity 21051K, committed 21296K, reserved 1069056K
  class space    used 2542K, capacity 2683K, committed 2688K, reserved 1048576K
}
Event: 3.702 GC heap before
{Heap before GC invocations=3 (full 0):
 garbage-first heap   total 251904K, used 27177K [0x00000000a0000000, 0x0000000100000000)
  region size 1024K, 21 young (21504K), 10 survivors (10240K)
 Metaspace       used 21219K, capacity 21729K, committed 22064K, reserved 1069056K
  class space    used 2685K, capacity 2846K, committed 2944K, reserved 1048576K
}
Event: 3.723 GC heap after
{Heap after GC invocations=4 (full 0):
 garbage-first heap   total 251904K, used 16807K [0x00000000a0000000, 0x0000000100000000)
  region size 1024K, 1 young (1024K), 1 survivors (1024K)
 Metaspace       used 21219K, capacity 21729K, committed 22064K, reserved 1069056K
  class space    used 2685K, capacity 2846K, committed 2944K, reserved 1048576K
}

